<?xml version="1.0" encoding="UTF-8"?>
<!-- Generated by org.testng.reporters.JUnitReportReporter -->
<testsuite hostname="LAPTOP-9F6ABGIH" failures="0" tests="1" name="org.example.testRunner.runners" time="8.356" errors="0" timestamp="2022-07-11T17:55:53 EET" skipped="0">
  <testcase classname="org.example.testRunner.runners" name="runScenario" time="8.356"/>
  <system-out/>
</testsuite> <!-- org.example.testRunner.runners -->
